[debug] > Exec(early(addDefaultCommands), None, None)
[debug] > Exec(addDefaultCommands, None, None)
[debug] > Exec(early(initialize), None, None)
[debug] > Exec(initialize, None, None)
[debug] > Exec(boot, None, None)
[debug] > Exec(writeSbtVersion, None, None)
[debug] > Exec(reload, None, None)
[debug] > Exec(sbtStashOnFailure, None, None)
[debug] > Exec(onFailure loadFailed, None, None)
[debug] > Exec(loadp, None, None)
[info] welcome to sbt 1.9.9 (Oracle Corporation Java 22.0.1)
[debug] Load.defaultLoad until apply took 146.2324ms
[debug]           Load.loadUnit: plugins took 98.2137ms
[debug]           Load.loadUnit: defsScala took 0.3498ms
[debug] [Loading] Scanning directory D:\武科大\实习\小米\2024_training\akka-quickstart\project
[debug]             Load.loadUnit: mkEval took 30.0959ms
[debug] [Loading] Found non-root projects 
[debug] [Loading] Done in D:\武科大\实习\小米\2024_training\akka-quickstart\project, returning: ()
[debug] deducing auto plugins based on known facts Set(Atom(sbt.plugins.CorePlugin)) and clauses Clauses(Clause(Atom(sbt.plugins.JvmPlugin),Set(Atom(sbt.plugins.IvyPlugin)))
[debug] Clause(Atom(sbt.ScriptedPlugin),Set(Atom(sbt.plugins.JvmPlugin)))
[debug] Clause(Atom(sbt.plugins.SbtPlugin),Set(Atom(sbt.ScriptedPlugin)))
[debug] Clause(Atom(sbt.plugins.SemanticdbPlugin),Set(Atom(sbt.plugins.JvmPlugin)))
[debug] Clause(Atom(sbt.plugins.JUnitXmlReportPlugin),Set(Atom(sbt.plugins.JvmPlugin)))
[debug] Clause(Atom(sbt.plugins.MiniDependencyTreePlugin),Set(Atom(sbt.plugins.JvmPlugin)))
[debug] Clause(Atom(sbt.plugins.CorePlugin),Set(Atom(sbt.plugins.IvyPlugin)))
[debug] Clause(Atom(sbt.plugins.IvyPlugin),Set(Atom(sbt.plugins.JvmPlugin)))
[debug] Clause(Atom(sbt.plugins.JvmPlugin),Set(Atom(sbt.plugins.SemanticdbPlugin)))
[debug] Clause(Atom(sbt.plugins.JvmPlugin),Set(Atom(sbt.plugins.JUnitXmlReportPlugin)))
[debug] Clause(Atom(sbt.plugins.CorePlugin),Set(Atom(sbt.plugins.Giter8TemplatePlugin)))
[debug] Clause(Atom(sbt.plugins.JvmPlugin),Set(Atom(sbt.plugins.MiniDependencyTreePlugin))))
[debug]   :: deduced result: Matched(sbt.plugins.CorePlugin,sbt.plugins.Giter8TemplatePlugin,sbt.plugins.IvyPlugin,sbt.plugins.JvmPlugin,sbt.plugins.MiniDependencyTreePlugin,sbt.plugins.JUnitXmlReportPlugin,sbt.plugins.SemanticdbPlugin)
[debug] Plugins.deducer#function took 13.0284 ms
[info] loading settings for project akka-quickstart-build from plugins.sbt ...
[debug]               Load.resolveProject(akka-quickstart-build) took 34.7958ms
[debug]             Load.loadTransitive: finalizeProject(Project(id akka-quickstart-build, base: D:\武科大\实习\小米\2024_training\akka-quickstart\project, plugins: List(<none>))) took 55.5662ms
[debug] [Loading] Done in D:\武科大\实习\小米\2024_training\akka-quickstart\project, returning: (akka-quickstart-build)
[debug]           Load.loadUnit: loadedProjectsRaw took 2161.9728ms
[debug]           Load.loadUnit: cleanEvalClasses took 9.4166ms
[debug]         Load.loadUnit(file:/D:/武科大/实习/小米/2024_training/akka-quickstart/project/, ...) took 2276.5907ms
[debug]       Load.apply: load took 2396.9822ms
[debug]       Load.apply: resolveProjects took 4.7644ms
[debug]       Load.apply: finalTransforms took 75.4183ms
[debug]       Load.apply: config.delegates took 5.8481ms
